<?xml version="1.0" encoding="UTF-8"?>
<!-- Generated by org.testng.reporters.JUnitXMLReporter -->
<testsuite hostname="Josephs-MBP" ignored="0" name="Default test" tests="4" failures="0" timestamp="2022-01-03T17:50:28 EST" time="12.337" errors="0">
  <testcase name="tc_001_Launch_Toyota_Application" time="3.716" classname="com.testscenarios.TS_001_Toyota_Assignment_12_3"/>
  <testcase name="tc_002_Click_Yes_I_Agree_Button" time="1.892" classname="com.testscenarios.TS_001_Toyota_Assignment_12_3"/>
  <testcase name="tc_003_Click_ToyotaPage_Icon_Quick_Finance_Calculator_Link" time="0.238" classname="com.testscenarios.TS_001_Toyota_Assignment_12_3"/>
  <testcase name="tc_004_Navigate_To_Tab_And_Select_A_Random_Car_Input" time="3.605" classname="com.testscenarios.TS_001_Toyota_Assignment_12_3"/>
</testsuite> <!-- Default test -->
