<?xml version="1.0" encoding="UTF-8"?>
<!-- Generated by org.testng.reporters.JUnitXMLReporter -->
<testsuite ignored="0" hostname="Josephs-MBP" failures="0" tests="19" name="ChromeTestBrowserBSD" time="11.653" errors="0" timestamp="2021-12-23T15:41:29 EST">
  <testcase classname="com.testscenarios.TS_001_Book_Flight_In_BlazeDemo" name="tc_001_Invoke_BlazeDemo_application" time="0.617"/>
  <testcase classname="com.testscenarios.TS_001_Book_Flight_In_BlazeDemo" name="tc_002_Choose_Your_Departure_Randomly_City" time="0.112"/>
  <testcase classname="com.testscenarios.TS_001_Book_Flight_In_BlazeDemo" name="tc_003_Choose_Your_Destination_Randomly_City" time="2.127"/>
  <testcase classname="com.testscenarios.TS_001_Book_Flight_In_BlazeDemo" name="tc_004_Click_Find_Flights_Button" time="2.493"/>
  <testcase classname="com.testscenarios.TS_001_Book_Flight_In_BlazeDemo" name="tc_005_Click_Random_One_Of_Choose_Flights_Button" time="0.273"/>
  <testcase classname="com.testscenarios.TS_001_Book_Flight_In_BlazeDemo" name="tc_006_Type_Name_Input" time="0.21"/>
  <testcase classname="com.testscenarios.TS_001_Book_Flight_In_BlazeDemo" name="tc_007_Type_Name_Input" time="0.137"/>
  <testcase classname="com.testscenarios.TS_001_Book_Flight_In_BlazeDemo" name="tc_008_Type_Address_Input" time="0.104"/>
  <testcase classname="com.testscenarios.TS_001_Book_Flight_In_BlazeDemo" name="tc_009_Type_City_Input" time="0.102"/>
  <testcase classname="com.testscenarios.TS_001_Book_Flight_In_BlazeDemo" name="tc_010_Type_State_Input" time="0.098"/>
  <testcase classname="com.testscenarios.TS_001_Book_Flight_In_BlazeDemo" name="tc_011_Type_Zipcode_Input" time="0.097"/>
  <testcase classname="com.testscenarios.TS_001_Book_Flight_In_BlazeDemo" name="tc_012_Select_Card_Type_Randomly_Select" time="0.138"/>
  <testcase classname="com.testscenarios.TS_001_Book_Flight_In_BlazeDemo" name="tc_013_Type_Card_Number_Input" time="0.123"/>
  <testcase classname="com.testscenarios.TS_001_Book_Flight_In_BlazeDemo" name="tc_014_Type_Card_Month_Input" time="0.152"/>
  <testcase classname="com.testscenarios.TS_001_Book_Flight_In_BlazeDemo" name="tc_015_Type_Card_Year_Input" time="0.142"/>
  <testcase classname="com.testscenarios.TS_001_Book_Flight_In_BlazeDemo" name="tc_016_Type_Card_Holder_Name_Input" time="2.098"/>
  <testcase classname="com.testscenarios.TS_001_Book_Flight_In_BlazeDemo" name="tc_017_Click_Purchase_Flight_Button" time="0.294"/>
  <testcase classname="com.testscenarios.TS_001_Book_Flight_In_BlazeDemo" name="tc_018_Get_Message_Thank_You_Print_To_Console_H1" time="0.031"/>
  <testcase classname="com.testscenarios.TS_001_Book_Flight_In_BlazeDemo" name="tc_019_Get_Input_From_Table_Print_To_Console_Td" time="0.167"/>
</testsuite> <!-- ChromeTestBrowserBSD -->
