<?xml version="1.0" encoding="UTF-8"?>
<!-- Generated by org.testng.reporters.JUnitXMLReporter -->
<testsuite hostname="Josephs-MBP" ignored="0" name="Test" tests="28" failures="0" timestamp="2022-01-03T17:59:55 EST" time="26.745" errors="0">
  <testcase name="tc_001_Launch_Toyota_Application" time="4.555" classname="com.testscenarios.TS_001_Toyota_Assignment_12_3"/>
  <testcase name="tc_002_Click_Yes_I_Agree_Button" time="1.812" classname="com.testscenarios.TS_001_Toyota_Assignment_12_3"/>
  <testcase name="tc_003_Click_ToyotaPage_Icon_Quick_Finance_Calculator_Link" time="0.249" classname="com.testscenarios.TS_001_Toyota_Assignment_12_3"/>
  <testcase name="tc_004_Navigate_To_Tab_And_Select_A_Random_Car_Input" time="1.94" classname="com.testscenarios.TS_001_Toyota_Assignment_12_3"/>
  <testcase name="tc_001_Launch_Drag_And_Drop_Application" time="0.95" classname="com.testscenarios.TS_001_Drag_And_Drop_Assignment_12_4"/>
  <testcase name="tc_002_Drag_And_Drop_Bank_To_Account_Debit_Side_Link" time="0.34" classname="com.testscenarios.TS_001_Drag_And_Drop_Assignment_12_4"/>
  <testcase name="tc_003_Drag_And_Drop_50000_To_Account_Debit_Side_Link" time="0.268" classname="com.testscenarios.TS_001_Drag_And_Drop_Assignment_12_4"/>
  <testcase name="tc_004_Drag_And_Drop_Sales_To_Account_Credit_Side_Link" time="0.26" classname="com.testscenarios.TS_001_Drag_And_Drop_Assignment_12_4"/>
  <testcase name="tc_005_Drag_And_Drop_5000_To_Account_Credit_Side_Link" time="0.271" classname="com.testscenarios.TS_001_Drag_And_Drop_Assignment_12_4"/>
  <testcase name="tc_001_Invoke_BlazeDemo_application" time="0.42" classname="com.testscenarios.TS_001_Book_Flight_In_BlazeDemo"/>
  <testcase name="tc_002_Choose_Your_Departure_Randomly_City" time="0.072" classname="com.testscenarios.TS_001_Book_Flight_In_BlazeDemo"/>
  <testcase name="tc_003_Choose_Your_Destination_Randomly_City" time="2.107" classname="com.testscenarios.TS_001_Book_Flight_In_BlazeDemo"/>
  <testcase name="tc_004_Click_Find_Flights_Button" time="2.281" classname="com.testscenarios.TS_001_Book_Flight_In_BlazeDemo"/>
  <testcase name="tc_005_Click_Random_One_Of_Choose_Flights_Button" time="0.253" classname="com.testscenarios.TS_001_Book_Flight_In_BlazeDemo"/>
  <testcase name="tc_006_Type_Name_Input" time="0.185" classname="com.testscenarios.TS_001_Book_Flight_In_BlazeDemo"/>
  <testcase name="tc_007_Type_Name_Input" time="0.129" classname="com.testscenarios.TS_001_Book_Flight_In_BlazeDemo"/>
  <testcase name="tc_008_Type_Address_Input" time="0.101" classname="com.testscenarios.TS_001_Book_Flight_In_BlazeDemo"/>
  <testcase name="tc_009_Type_City_Input" time="0.1" classname="com.testscenarios.TS_001_Book_Flight_In_BlazeDemo"/>
  <testcase name="tc_010_Type_State_Input" time="0.09" classname="com.testscenarios.TS_001_Book_Flight_In_BlazeDemo"/>
  <testcase name="tc_011_Type_Zipcode_Input" time="0.098" classname="com.testscenarios.TS_001_Book_Flight_In_BlazeDemo"/>
  <testcase name="tc_012_Select_Card_Type_Randomly_Select" time="0.057" classname="com.testscenarios.TS_001_Book_Flight_In_BlazeDemo"/>
  <testcase name="tc_013_Type_Card_Number_Input" time="0.097" classname="com.testscenarios.TS_001_Book_Flight_In_BlazeDemo"/>
  <testcase name="tc_014_Type_Card_Month_Input" time="0.138" classname="com.testscenarios.TS_001_Book_Flight_In_BlazeDemo"/>
  <testcase name="tc_015_Type_Card_Year_Input" time="0.14" classname="com.testscenarios.TS_001_Book_Flight_In_BlazeDemo"/>
  <testcase name="tc_016_Type_Card_Holder_Name_Input" time="2.09" classname="com.testscenarios.TS_001_Book_Flight_In_BlazeDemo"/>
  <testcase name="tc_017_Click_Purchase_Flight_Button" time="0.326" classname="com.testscenarios.TS_001_Book_Flight_In_BlazeDemo"/>
  <testcase name="tc_018_Get_Message_Thank_You_Print_To_Console_H1" time="0.036" classname="com.testscenarios.TS_001_Book_Flight_In_BlazeDemo"/>
  <testcase name="tc_019_Get_Input_From_Table_Print_To_Console_Td" time="0.173" classname="com.testscenarios.TS_001_Book_Flight_In_BlazeDemo"/>
</testsuite> <!-- Test -->
